<?xml version="1.0" encoding="UTF-8"?>
<!-- Generated by org.testng.reporters.JUnitXMLReporter -->
<testsuite hostname="LIN51005775" ignored="0" name="Default test" tests="5" failures="0" timestamp="28 Aug 2019 19:57:17 GMT" time="0.177" errors="0">
  <testcase name="test3" time="0.023" classname="testNG_SamplePackage_2.Sample"/>
  <testcase name="test1" time="0.005" classname="testNG_SamplePackage_2.Sample"/>
  <testcase name="unitLevel1" time="0.007" classname="testNG_SamplePackage_2.TestClass1"/>
  <testcase name="unitLevel2" time="0.005" classname="testNG_SamplePackage_2.TestClass1"/>
  <testcase name="test2" time="0.007" classname="testNG_SamplePackage_2.Sample"/>
</testsuite> <!-- Default test -->
