<?xml version="1.0" encoding="UTF-8"?>
<!-- Generated by org.testng.reporters.JUnitXMLReporter -->
<testsuite hostname="LIN51005775" ignored="0" name="Rama_Test" tests="3" failures="0" timestamp="31 May 2019 13:55:24 GMT" time="0.061" errors="0">
  <testcase name="testCase" time="0.01" classname="testNG_SamplePackage.TestNgClass"/>
  <testcase name="testCase" time="0.002" classname="testNG_SamplePackage.TestNgClass1"/>
  <testcase name="testCase" time="0.001" classname="testNG_SamplePackage.TestNgClass3"/>
</testsuite> <!-- Rama_Test -->
