<?xml version="1.0" encoding="UTF-8"?>
<!-- Generated by org.testng.reporters.JUnitXMLReporter -->
<testsuite hostname="LIN51005775" ignored="0" name="Test" tests="3" failures="0" timestamp="31 May 2019 13:55:07 GMT" time="0.069" errors="0">
  <testcase name="testCase" time="0.008" classname="testNG_SamplePackage.TestNgClass"/>
  <testcase name="testCase" time="0.005" classname="testNG_SamplePackage.TestNgClass1"/>
  <testcase name="testCase" time="0.002" classname="testNG_SamplePackage.TestNgClass3"/>
</testsuite> <!-- Test -->
