<?xml version="1.0" encoding="UTF-8"?>
<!-- Generated by org.testng.reporters.JUnitXMLReporter -->
<testsuite hostname="LIN51005775" ignored="0" name="Rama_Test1" tests="14" failures="0" timestamp="31 May 2019 17:25:52 GMT" time="0.073" errors="0">
  <testcase name="testCase2" time="0.001" classname="testNG_SamplePackage_1.TestNgClass2"/>
  <testcase name="timeOutTest" time="0.007" classname="testNG_SamplePackage_1.TestNgClass2"/>
  <testcase name="invocationCountTest" time="0.004" classname="testNG_SamplePackage_1.TestNgClass2"/>
  <testcase name="invocationCountTest" time="0.006" classname="testNG_SamplePackage_1.TestNgClass2"/>
  <testcase name="invocationCountTest" time="0.007" classname="testNG_SamplePackage_1.TestNgClass2"/>
  <testcase name="invocationCountTest" time="0.002" classname="testNG_SamplePackage_1.TestNgClass2"/>
  <testcase name="invocationCountTest" time="0.009" classname="testNG_SamplePackage_1.TestNgClass2"/>
  <testcase name="invocationCountTest" time="0.01" classname="testNG_SamplePackage_1.TestNgClass2"/>
  <testcase name="invocationCountTest" time="0.004" classname="testNG_SamplePackage_1.TestNgClass2"/>
  <testcase name="invocationCountTest" time="0.006" classname="testNG_SamplePackage_1.TestNgClass2"/>
  <testcase name="invocationCountTest" time="0.01" classname="testNG_SamplePackage_1.TestNgClass2"/>
  <testcase name="invocationCountTest" time="0.019" classname="testNG_SamplePackage_1.TestNgClass2"/>
  <testcase name="testCase1" time="0.002" classname="testNG_SamplePackage_1.TestNgClass2"/>
  <testcase name="testCase3" time="0.001" classname="testNG_SamplePackage_1.TestNgClass3"/>
</testsuite> <!-- Rama_Test1 -->
